<?xml version="1.0" encoding="UTF-8"?>
<!-- Generated by org.testng.reporters.JUnitReportReporter -->
<testsuite hostname="Admin-PC" failures="0" tests="1" name="script.InvalidLogin" time="54.287" errors="0" timestamp="2022-08-16T20:12:11 IST" skipped="0">
  <testcase classname="script.InvalidLogin" name="testInvalidLogin" time="54.287"/>
  <system-out/>
</testsuite> <!-- script.InvalidLogin -->
