<?xml version="1.0" encoding="UTF-8"?>
<!-- Generated by org.testng.reporters.JUnitReportReporter -->
<testsuite hostname="Admin-PC" failures="0" tests="1" name="script.ValidLogin" time="54.959" errors="0" timestamp="2022-08-16T20:12:11 IST" skipped="0">
  <testcase classname="script.ValidLogin" name="testValidLogin" time="54.959"/>
  <system-out/>
</testsuite> <!-- script.ValidLogin -->
