<?xml version="1.0" encoding="UTF-8"?>
<!-- Generated by org.testng.reporters.JUnitReportReporter -->
<testsuite hostname="Admin-PC" failures="0" tests="1" name="script.TestClass1" time="41.201" errors="0" timestamp="2022-07-25T08:22:12 IST" skipped="0">
  <testcase classname="script.TestClass1" name="testA" time="41.201"/>
  <system-out/>
</testsuite> <!-- script.TestClass1 -->
